C:\Work\flightsim\FSXMapperHDServer\FSXMapperHDServer\Release\cl.command.1.tlog
C:\Work\flightsim\FSXMapperHDServer\FSXMapperHDServer\Release\CL.read.1.tlog
C:\Work\flightsim\FSXMapperHDServer\FSXMapperHDServer\Release\CL.write.1.tlog
C:\WORK\FLIGHTSIM\FSXMAPPERHDSERVER\FSXMAPPERHDSERVER\RELEASE\FSINFOSERVER.OBJ
C:\WORK\FLIGHTSIM\FSXMAPPERHDSERVER\FSXMAPPERHDSERVER\RELEASE\FSXINFO.OBJ
C:\WORK\FLIGHTSIM\FSXMAPPERHDSERVER\FSXMAPPERHDSERVER\RELEASE\FSXMAPPERHDSERVER.EXE.INTERMEDIATE.MANIFEST
C:\WORK\FLIGHTSIM\FSXMAPPERHDSERVER\FSXMAPPERHDSERVER\RELEASE\FSXMAPPERHDSERVER.OBJ
C:\WORK\FLIGHTSIM\FSXMAPPERHDSERVER\FSXMAPPERHDSERVER\RELEASE\FSXMAPPERHDSERVER.PCH
C:\WORK\FLIGHTSIM\FSXMAPPERHDSERVER\FSXMAPPERHDSERVER\RELEASE\FSXMAPPERHDSERVER.RES
C:\Work\flightsim\FSXMapperHDServer\FSXMapperHDServer\Release\link.command.1.tlog
C:\Work\flightsim\FSXMapperHDServer\FSXMapperHDServer\Release\link.read.1.tlog
C:\Work\flightsim\FSXMapperHDServer\FSXMapperHDServer\Release\link.write.1.tlog
C:\Work\flightsim\FSXMapperHDServer\FSXMapperHDServer\Release\link-cvtres.read.1.tlog
C:\Work\flightsim\FSXMapperHDServer\FSXMapperHDServer\Release\link-cvtres.write.1.tlog
C:\WORK\FLIGHTSIM\FSXMAPPERHDSERVER\FSXMAPPERHDSERVER\RELEASE\LOGGER.OBJ
C:\Work\flightsim\FSXMapperHDServer\FSXMapperHDServer\Release\mt.command.1.tlog
C:\Work\flightsim\FSXMapperHDServer\FSXMapperHDServer\Release\mt.read.1.tlog
C:\Work\flightsim\FSXMapperHDServer\FSXMapperHDServer\Release\mt.write.1.tlog
C:\Work\flightsim\FSXMapperHDServer\FSXMapperHDServer\Release\rc.command.1.tlog
C:\Work\flightsim\FSXMapperHDServer\FSXMapperHDServer\Release\rc.read.1.tlog
C:\Work\flightsim\FSXMapperHDServer\FSXMapperHDServer\Release\rc.write.1.tlog
C:\WORK\FLIGHTSIM\FSXMAPPERHDSERVER\FSXMAPPERHDSERVER\RELEASE\STDAFX.OBJ
C:\WORK\FLIGHTSIM\FSXMAPPERHDSERVER\FSXMAPPERHDSERVER\RELEASE\VC100.PDB
C:\WORK\FLIGHTSIM\FSXMAPPERHDSERVER\RELEASE\FSXMAPPERHDSERVER.EXE
C:\WORK\FLIGHTSIM\FSXMAPPERHDSERVER\RELEASE\FSXMAPPERHDSERVER.PDB
