Build started 3/13/2013 11:38:59 PM.
     1>Project "C:\Work\flightsim\FSXMapperHDServer\FSXMapperHDServer\FSXMapperHDServer.vcxproj" on node 2 (build target(s)).
     1>InitializeBuildStatus:
         Creating "Release\FSXMapperHDServer.unsuccessfulbuild" because "AlwaysCreate" was specified.
       ClCompile:
         c:\Program Files\Microsoft Visual Studio 10.0\VC\bin\CL.exe /c /I"C:\Program Files\Microsoft Games\Microsoft Flight Simulator X SDK\SDK\Core Utilities Kit\SimConnect SDK\inc" /Zi /nologo /W3 /WX- /O2 /Oi /Oy- /GL /D WIN32 /D NDEBUG /D _WINDOWS /D _MBCS /Gm- /EHsc /MD /GS /Gy /fp:precise /Zc:wchar_t /Zc:forScope /Yc"StdAfx.h" /Fp"Release\FSXMapperHDServer.pch" /Fo"Release\\" /Fd"Release\vc100.pdb" /Gd /TP /analyze- /errorReport:prompt stdafx.cpp
         stdafx.cpp
         c:\Program Files\Microsoft Visual Studio 10.0\VC\bin\CL.exe /c /I"C:\Program Files\Microsoft Games\Microsoft Flight Simulator X SDK\SDK\Core Utilities Kit\SimConnect SDK\inc" /Zi /nologo /W3 /WX- /O2 /Oi /Oy- /GL /D WIN32 /D NDEBUG /D _WINDOWS /D _MBCS /Gm- /EHsc /MD /GS /Gy /fp:precise /Zc:wchar_t /Zc:forScope /Yu"StdAfx.h" /Fp"Release\FSXMapperHDServer.pch" /Fo"Release\\" /Fd"Release\vc100.pdb" /Gd /TP /analyze- /errorReport:prompt FSInfoServer.cpp fsxinfo.cpp FSXMapperHDServer.cpp logger.cpp
         FSInfoServer.cpp
         fsxinfo.cpp
         FSXMapperHDServer.cpp
         logger.cpp
       ResourceCompile:
         C:\Program Files\Microsoft SDKs\Windows\v7.0A\bin\rc.exe /l"0x0409" /nologo /fo"Release\FSXMapperHDServer.res" FSXMapperHDServer.rc 
       Link:
         c:\Program Files\Microsoft Visual Studio 10.0\VC\bin\link.exe /ERRORREPORT:PROMPT /OUT:"C:\Work\flightsim\FSXMapperHDServer\Release\FSXMapperHDServer.exe" /INCREMENTAL:NO /NOLOGO /LIBPATH:"C:\Program Files\Microsoft Games\Microsoft Flight Simulator X SDK\SDK\Core Utilities Kit\SimConnect SDK\lib" kernel32.lib user32.lib gdi32.lib winspool.lib comdlg32.lib advapi32.lib shell32.lib ole32.lib oleaut32.lib uuid.lib odbc32.lib odbccp32.lib /MANIFEST /ManifestFile:"Release\FSXMapperHDServer.exe.intermediate.manifest" /MANIFESTUAC:"level='asInvoker' uiAccess='false'" /DEBUG /PDB:"C:\Work\flightsim\FSXMapperHDServer\Release\FSXMapperHDServer.pdb" /SUBSYSTEM:WINDOWS /OPT:REF /OPT:ICF /LTCG /TLBID:1 /DYNAMICBASE /NXCOMPAT /IMPLIB:"C:\Work\flightsim\FSXMapperHDServer\Release\FSXMapperHDServer.lib" /MACHINE:X86 Release\FSXMapperHDServer.res
         Release\FSInfoServer.obj
         Release\fsxinfo.obj
         Release\FSXMapperHDServer.obj
         Release\logger.obj
         Release\stdafx.obj SimConnect.lib 
         Generating code
         Finished generating code
         FSXMapperHDServer.vcxproj -> C:\Work\flightsim\FSXMapperHDServer\Release\FSXMapperHDServer.exe
       Manifest:
         C:\Program Files\Microsoft SDKs\Windows\v7.0A\bin\mt.exe /nologo /verbose /outputresource:"C:\Work\flightsim\FSXMapperHDServer\Release\FSXMapperHDServer.exe;#1" /manifest Release\FSXMapperHDServer.exe.intermediate.manifest
       FinalizeBuildStatus:
         Deleting file "Release\FSXMapperHDServer.unsuccessfulbuild".
         Touching "Release\FSXMapperHDServer.lastbuildstate".
     1>Done Building Project "C:\Work\flightsim\FSXMapperHDServer\FSXMapperHDServer\FSXMapperHDServer.vcxproj" (build target(s)).

Build succeeded.

Time Elapsed 00:00:02.52
