C:\WORK\FLIGHTSIM\FSXMAPPERHDSERVER\DEBUG\FSXMAPPERHDSERVER.EXE
C:\WORK\FLIGHTSIM\FSXMAPPERHDSERVER\DEBUG\FSXMAPPERHDSERVER.ILK
C:\WORK\FLIGHTSIM\FSXMAPPERHDSERVER\DEBUG\FSXMAPPERHDSERVER.PDB
C:\Work\flightsim\FSXMapperHDServer\FSXMapperHDServer\Debug\cl.command.1.tlog
C:\Work\flightsim\FSXMapperHDServer\FSXMapperHDServer\Debug\CL.read.1.tlog
C:\Work\flightsim\FSXMapperHDServer\FSXMapperHDServer\Debug\CL.write.1.tlog
C:\WORK\FLIGHTSIM\FSXMAPPERHDSERVER\FSXMAPPERHDSERVER\DEBUG\FSINFOSERVER.OBJ
C:\WORK\FLIGHTSIM\FSXMAPPERHDSERVER\FSXMAPPERHDSERVER\DEBUG\FSXINFO.OBJ
C:\WORK\FLIGHTSIM\FSXMAPPERHDSERVER\FSXMAPPERHDSERVER\DEBUG\FSXMAPPERHDSERVER.EXE.EMBED.MANIFEST
C:\WORK\FLIGHTSIM\FSXMAPPERHDSERVER\FSXMAPPERHDSERVER\DEBUG\FSXMAPPERHDSERVER.EXE.EMBED.MANIFEST.RES
C:\WORK\FLIGHTSIM\FSXMAPPERHDSERVER\FSXMAPPERHDSERVER\DEBUG\FSXMAPPERHDSERVER.EXE.INTERMEDIATE.MANIFEST
C:\WORK\FLIGHTSIM\FSXMAPPERHDSERVER\FSXMAPPERHDSERVER\DEBUG\FSXMAPPERHDSERVER.OBJ
C:\WORK\FLIGHTSIM\FSXMAPPERHDSERVER\FSXMAPPERHDSERVER\DEBUG\FSXMAPPERHDSERVER.PCH
C:\WORK\FLIGHTSIM\FSXMAPPERHDSERVER\FSXMAPPERHDSERVER\DEBUG\FSXMAPPERHDSERVER.RES
C:\Work\flightsim\FSXMapperHDServer\FSXMapperHDServer\Debug\FSXMapperHDServer_manifest.rc
C:\Work\flightsim\FSXMapperHDServer\FSXMapperHDServer\Debug\link.command.1.tlog
C:\Work\flightsim\FSXMapperHDServer\FSXMapperHDServer\Debug\link.read.1.tlog
C:\Work\flightsim\FSXMapperHDServer\FSXMapperHDServer\Debug\link.write.1.tlog
C:\Work\flightsim\FSXMapperHDServer\FSXMapperHDServer\Debug\link-cvtres.read.1.tlog
C:\Work\flightsim\FSXMapperHDServer\FSXMapperHDServer\Debug\link-cvtres.write.1.tlog
C:\WORK\FLIGHTSIM\FSXMAPPERHDSERVER\FSXMAPPERHDSERVER\DEBUG\LOGGER.OBJ
C:\Work\flightsim\FSXMapperHDServer\FSXMapperHDServer\Debug\mt.command.1.tlog
C:\Work\flightsim\FSXMapperHDServer\FSXMapperHDServer\Debug\mt.read.1.tlog
C:\Work\flightsim\FSXMapperHDServer\FSXMapperHDServer\Debug\mt.write.1.tlog
C:\Work\flightsim\FSXMapperHDServer\FSXMapperHDServer\Debug\rc.command.1.tlog
C:\Work\flightsim\FSXMapperHDServer\FSXMapperHDServer\Debug\rc.read.1.tlog
C:\Work\flightsim\FSXMapperHDServer\FSXMapperHDServer\Debug\rc.write.1.tlog
C:\WORK\FLIGHTSIM\FSXMAPPERHDSERVER\FSXMAPPERHDSERVER\DEBUG\STDAFX.OBJ
C:\Work\flightsim\FSXMapperHDServer\FSXMapperHDServer\Debug\vc100.idb
C:\WORK\FLIGHTSIM\FSXMAPPERHDSERVER\FSXMAPPERHDSERVER\DEBUG\VC100.PDB
