Build started 4/5/2013 10:34:53 PM.
     1>Project "C:\Work\flightsim\FSXMapperHDServer\FSXMapperHDServer\FSXMapperHDServer.vcxproj" on node 2 (build target(s)).
     1>InitializeBuildStatus:
         Creating "Debug\FSXMapperHDServer.unsuccessfulbuild" because "AlwaysCreate" was specified.
       ClCompile:
         All outputs are up-to-date.
         c:\Program Files\Microsoft Visual Studio 10.0\VC\bin\CL.exe /c /I"C:\Program Files\Microsoft Games\Microsoft Flight Simulator X SDK\SDK\Core Utilities Kit\SimConnect SDK\inc" /ZI /nologo /W3 /WX- /Od /Oy- /D WIN32 /D _DEBUG /D _WINDOWS /D _MBCS /Gm /EHsc /RTC1 /MDd /GS /fp:precise /Zc:wchar_t /Zc:forScope /Yu"StdAfx.h" /Fp"Debug\FSXMapperHDServer.pch" /Fo"Debug\\" /Fd"Debug\vc100.pdb" /Gd /TP /analyze- /errorReport:prompt FSXMapperHDServer.cpp
         FSXMapperHDServer.cpp
       ResourceCompile:
         All outputs are up-to-date.
       ManifestResourceCompile:
         All outputs are up-to-date.
       Link:
         c:\Program Files\Microsoft Visual Studio 10.0\VC\bin\link.exe /ERRORREPORT:PROMPT /OUT:"C:\Work\flightsim\FSXMapperHDServer\Debug\FSXMapperHDServer.exe" /INCREMENTAL /NOLOGO /LIBPATH:"C:\Program Files\Microsoft Games\Microsoft Flight Simulator X SDK\SDK\Core Utilities Kit\SimConnect SDK\lib" kernel32.lib user32.lib gdi32.lib winspool.lib comdlg32.lib advapi32.lib shell32.lib ole32.lib oleaut32.lib uuid.lib odbc32.lib odbccp32.lib /MANIFEST /ManifestFile:"Debug\FSXMapperHDServer.exe.intermediate.manifest" /MANIFESTUAC:"level='asInvoker' uiAccess='false'" /DEBUG /PDB:"C:\Work\flightsim\FSXMapperHDServer\Debug\FSXMapperHDServer.pdb" /SUBSYSTEM:WINDOWS /TLBID:1 /DYNAMICBASE /NXCOMPAT /IMPLIB:"C:\Work\flightsim\FSXMapperHDServer\Debug\FSXMapperHDServer.lib" /MACHINE:X86 Debug\FSXMapperHDServer.res
         Debug\FSXMapperHDServer.exe.embed.manifest.res
         Debug\FSInfoServer.obj
         Debug\fsxinfo.obj
         Debug\FSXMapperHDServer.obj
         Debug\logger.obj
         Debug\stdafx.obj SimConnect.lib 
       Manifest:
         C:\Program Files\Microsoft SDKs\Windows\v7.0A\bin\mt.exe /nologo /verbose /out:"Debug\FSXMapperHDServer.exe.embed.manifest" /manifest Debug\FSXMapperHDServer.exe.intermediate.manifest
         All outputs are up-to-date.
       LinkEmbedManifest:
         All outputs are up-to-date.
         FSXMapperHDServer.vcxproj -> C:\Work\flightsim\FSXMapperHDServer\Debug\FSXMapperHDServer.exe
       FinalizeBuildStatus:
         Deleting file "Debug\FSXMapperHDServer.unsuccessfulbuild".
         Touching "Debug\FSXMapperHDServer.lastbuildstate".
     1>Done Building Project "C:\Work\flightsim\FSXMapperHDServer\FSXMapperHDServer\FSXMapperHDServer.vcxproj" (build target(s)).

Build succeeded.

Time Elapsed 00:00:01.37
